[0;36m╔══════════════════════════════════════════════════════╗[0m
[0;36m║  [1;33mVivado xsim via Docker[0;36m                              ║[0m
[0;36m╚══════════════════════════════════════════════════════╝[0m
[0;36m  Project:[0m  /Users/yuval/sv_projects/study_plan_2.0/week_05_uvm_communication/homework/design/per_chapter/hw_sutherland_ch5_structs
[0;36m  Files:[0m    alu_pkg.sv simple_alu.sv simple_alu_tb.sv
[0;36m  Top:[0m      simple_alu_tb

INFO: [VRFC 10-2263] Analyzing SystemVerilog file "/work/alu_pkg.sv" into library work
INFO: [VRFC 10-2263] Analyzing SystemVerilog file "/work/simple_alu.sv" into library work
INFO: [VRFC 10-311] analyzing module simple_alu
INFO: [VRFC 10-2263] Analyzing SystemVerilog file "/work/simple_alu_tb.sv" into library work
INFO: [VRFC 10-311] analyzing module simple_alu_tb
Vivado Simulator v2024.1
Copyright 1986-2022 Xilinx, Inc. All Rights Reserved.
Copyright 2022-2024 Advanced Micro Devices, Inc. All Rights Reserved.
Running: /home/user/Xilinx/Vivado/2024.1/bin/unwrapped/lnx64.o/xelab -L uvm simple_alu_tb -s sim --debug off 
Multi-threading is on. Using 6 slave threads.
Starting static elaboration
Pass Through NonSizing Optimizer
WARNING: [VRFC 10-3597] non-void function 'verify' called as a task without void casting [/work/simple_alu_tb.sv:36]
Completed static elaboration
Starting simulation data flow analysis
Completed simulation data flow analysis
Time Resolution for simulation is 1ps
Compiling package work.alu_pkg
Compiling module work.simple_alu
Compiling module work.simple_alu_tb
Built simulation snapshot sim

****** xsim v2024.1 (64-bit)
  **** SW Build 5076996 on Wed May 22 18:36:09 MDT 2024
  **** IP Build 5075265 on Wed May 22 21:45:21 MDT 2024
  **** SharedData Build 5076995 on Wed May 22 18:29:18 MDT 2024
  **** Start of session at: Tue May 12 17:12:20 2026
    ** Copyright 1986-2022 Xilinx, Inc. All Rights Reserved.
    ** Copyright 2022-2024 Advanced Micro Devices, Inc. All Rights Reserved.

source xsim.dir/sim/xsim_script.tcl
# xsim {sim} -autoloadwcfg -runall
Time resolution is 1 ps
run -all
PASS: 124 / 124 checks
$finish called at time : 124 ns : File "/work/simple_alu_tb.sv" Line 95
exit
INFO: xsimkernel Simulation Memory Usage: 581872 KB (Peak: 639088 KB), Simulation CPU Usage: 80 ms
INFO: [Common 17-206] Exiting xsim at Tue May 12 17:12:25 2026...

[0;32m✓ Simulation completed successfully[0m
