[0;36m+======================================================+[0m
[0;36m|  [1;33mVivado xsim UVM run (reusing existing snapshot)[0;36m       |[0m
[0;36m+======================================================+[0m
[0;36m  Project:[0m  /Users/yuval/sv_projects/study_plan_2.0/week_04_uvm_architecture/homework/verif/connector
[0;36m  Test:[0m     alu_random_test


****** xsim v2024.1 (64-bit)
  **** SW Build 5076996 on Wed May 22 18:36:09 MDT 2024
  **** IP Build 5075265 on Wed May 22 21:45:21 MDT 2024
  **** SharedData Build 5076995 on Wed May 22 18:29:18 MDT 2024
  **** Start of session at: Wed May  6 16:00:36 2026
    ** Copyright 1986-2022 Xilinx, Inc. All Rights Reserved.
    ** Copyright 2022-2024 Advanced Micro Devices, Inc. All Rights Reserved.

source xsim.dir/sim/xsim_script.tcl
# xsim {sim} -testplusarg UVM_TESTNAME=alu_random_test -autoloadwcfg -runall
Time resolution is 1 ps
run -all
UVM_INFO /home/user/Xilinx/Vivado/2024.1/data/system_verilog/uvm_1.2/xlnx_uvm_package.sv(18601) @ 0: reporter [UVM/RELNOTES] 
----------------------------------------------------------------
UVM-1.2
(C) 2007-2014 Mentor Graphics Corporation
(C) 2007-2014 Cadence Design Systems, Inc.
(C) 2006-2014 Synopsys, Inc.
(C) 2011-2013 Cypress Semiconductor Corp.
(C) 2013-2014 NVIDIA Corporation
----------------------------------------------------------------

  ***********       IMPORTANT RELEASE NOTES         ************

  You are using a version of the UVM library that has been compiled
  with `UVM_NO_DEPRECATED undefined.

  You are using a version of the UVM library that has been compiled
  with `UVM_OBJECT_DO_NOT_NEED_CONSTRUCTOR undefined.

      (Specify +UVM_NO_RELNOTES to turn off this notice)

UVM_INFO /home/user/Xilinx/Vivado/2024.1/data/system_verilog/uvm_1.2/xlnx_uvm_package.sv(18648) @ 0: reporter [NO_DPI_TSTNAME] UVM_NO_DPI defined--getting UVM_TESTNAME directly, without DPI
UVM_INFO @ 0: reporter [RNTST] Running test alu_random_test...
UVM_INFO /home/user/Xilinx/Vivado/2024.1/data/system_verilog/uvm_1.2/xlnx_uvm_package.sv(20867) @ 0: reporter [UVM/COMP/NAMECHECK] This implementation of the component name checks requires DPI to be enabled
UVM_INFO /home/user/Xilinx/Vivado/2024.1/data/system_verilog/uvm_1.2/xlnx_uvm_package.sv(19968) @ 30025000: reporter [TEST_DONE] 'run' phase is ready to proceed to the 'extract' phase
ALU_TB PASS  cov=100.00%
UVM_INFO /home/user/Xilinx/Vivado/2024.1/data/system_verilog/uvm_1.2/xlnx_uvm_package.sv(13673) @ 30025000: reporter [UVM/REPORT/SERVER] 
--- UVM Report Summary ---

** Report counts by severity
UVM_INFO :    5
UVM_WARNING :    0
UVM_ERROR :    0
UVM_FATAL :    0
** Report counts by id
[NO_DPI_TSTNAME]     1
[RNTST]     1
[TEST_DONE]     1
[UVM/COMP/NAMECHECK]     1
[UVM/RELNOTES]     1

$finish called at time : 30025 ns : File "/home/user/Xilinx/Vivado/2024.1/data/system_verilog/uvm_1.2/xlnx_uvm_package.sv" Line 18699
exit
INFO: xsimkernel Simulation Memory Usage: 598624 KB (Peak: 649904 KB), Simulation CPU Usage: 210 ms
INFO: [Common 17-206] Exiting xsim at Wed May  6 16:00:43 2026...

[0;32m/ Test 'alu_random_test' completed[0m
