ad and_op 00 = 0000
81 and_op 37 = 0001
00 add_op ff = 00ff
3a and_op 4e = 000a
2e mul_op ff = 2dd2
ff add_op 00 = 00ff
ff and_op ff = 00ff
ff xor_op 34 = 00cb
02 add_op 00 = 0002
96 and_op ff = 0096
cb mul_op b3 = 8df1
00 add_op 00 = 0000
43 xor_op 00 = 0043
ff mul_op 93 = 926d
00 and_op ea = 0000
00 add_op 00 = 0000
00 add_op 3e = 003e
f1 xor_op 2e = 00df
ff add_op 38 = 0137
3a mul_op 7a = 1ba4
00 add_op 7e = 007e
fd mul_op a1 = 9f1d
45 add_op ff = 0144
ff add_op 16 = 0115
ff add_op ba = 01b9
00 add_op 0d = 000d
94 mul_op 4c = 2bf0
ff mul_op 29 = 28d7
3e and_op d0 = 0010
00 xor_op 52 = 0052
8a mul_op df = 7836
9d mul_op ff = 9c63
2a add_op f7 = 0121
b6 xor_op b5 = 0003
ed and_op b4 = 00a4
00 add_op 39 = 0039
00 and_op 9c = 0000
ff and_op 00 = 0000
ff xor_op ff = 0000
ff and_op 00 = 0000
19 mul_op ff = 18e7
ff add_op 00 = 00ff
9c add_op 2a = 00c6
00 mul_op 7d = 0000
29 add_op ff = 0128
ff add_op 5d = 015c
ea mul_op 00 = 0000
95 add_op ef = 0184
00 mul_op ff = 0000
90 and_op 78 = 0010
00 mul_op 00 = 0000
01 xor_op ff = 00fe
00 mul_op ff = 0000
29 mul_op 7e = 142e
6b xor_op 00 = 006b
7d add_op ff = 017c
00 mul_op 44 = 0000
ff mul_op ff = fe01
f9 and_op 33 = 0031
b4 mul_op 5f = 42cc
9d and_op 00 = 0000
c8 xor_op 70 = 00b8
58 xor_op 00 = 0058
ff and_op 2a = 002a
ff add_op 00 = 00ff
ff mul_op 14 = 13ec
04 and_op 00 = 0000
00 and_op 27 = 0000
ff add_op d3 = 01d2
00 and_op ff = 0000
00 add_op 00 = 0000
04 and_op 00 = 0000
2b and_op 00 = 0000
62 xor_op eb = 0089
ff add_op 4f = 014e
00 xor_op f6 = 00f6
ff and_op ff = 00ff
00 mul_op 00 = 0000
5f xor_op ff = 00a0
c6 mul_op aa = 837c
cf mul_op 9c = 7e24
c1 mul_op ff = c03f
a7 add_op e9 = 0190
ff mul_op 99 = 9867
00 mul_op 3c = 0000
4a mul_op 87 = 2706
0d xor_op ff = 00f2
ff and_op ff = 00ff
8a and_op 5f = 000a
00 and_op 02 = 0000
ff xor_op c6 = 0039
5b mul_op ff = 5aa5
00 xor_op ff = 00ff
ff mul_op f9 = f807
ff and_op 00 = 0000
9e add_op 7a = 0118
d2 xor_op ff = 002d
ff xor_op ff = 0000
ff and_op 00 = 0000
7c add_op db = 0157
OO TB DEMO PASS
- tester.svh:44: Verilog $finish
- S i m u l a t i o n   R e p o r t: Verilator 5.046 2026-02-28
- Verilator: $finish at 5ns; walltime 0.001 s; speed 6.869 us/s
- Verilator: cpu 0.001 s on 1 threads; allocated 2 MB
